<?xml version="1.0" encoding="UTF-8"?>
<!-- Generated by org.testng.reporters.JUnitXMLReporter -->
<testsuite ignored="0" hostname="DESKTOP-6DRSD6U" failures="2" tests="3" name="Product testcases" time="10.045" errors="0" timestamp="2025-09-06T11:58:28 IST">
  <testcase classname="com.wiprojuly.testng.UserAccount" name="testPasswordRecoveryNotPresent" time="2.047"/>
  <testcase classname="com.wiprojuly.testng.UserAccount" name="testSignUpAndLogin" time="0.005">
    <failure type="java.lang.NullPointerException" message="Cannot invoke &amp;quot;org.openqa.selenium.support.ui.WebDriverWait.until(java.util.function.Function)&amp;quot; because &amp;quot;this.wait&amp;quot; is null">
      <![CDATA[java.lang.NullPointerException: Cannot invoke "org.openqa.selenium.support.ui.WebDriverWait.until(java.util.function.Function)" because "this.wait" is null
at com.wiprojuly.utils.WaitUtils.waitForClickable(WaitUtils.java:24)
at com.wiprojuly.pages.HomePage.openSignUpModal(HomePage.java:44)
at com.wiprojuly.testng.UserAccount.testSignUpAndLogin(UserAccount.java:18)
at java.base/java.util.ArrayList.forEach(ArrayList.java:1511)
... Removed 27 stack frames]]>
    </failure>
  </testcase> <!-- testSignUpAndLogin -->
  <testcase classname="com.wiprojuly.testng.ProductDetails" name="testViewProductAndAddToCart" time="0.028">
    <failure type="java.lang.AssertionError" message="Product list should be visible expected [true] but found [false]">
      <![CDATA[java.lang.AssertionError: Product list should be visible expected [true] but found [false]
at com.wiprojuly.testng.ProductDetails.testViewProductAndAddToCart(ProductDetails.java:19)
at java.base/java.util.ArrayList.forEach(ArrayList.java:1511)
... Removed 30 stack frames]]>
    </failure>
  </testcase> <!-- testViewProductAndAddToCart -->
</testsuite> <!-- Product testcases -->
